<?xml version="1.0" encoding="UTF-8"?>
<!-- Generated by org.testng.reporters.JUnitReportReporter -->
<testsuite hostname="LAPTOP-KFR5KUOM" name="com.yourorganization.maven_sample.LogicPositivizer" tests="1" failures="0" timestamp="14 Aug 2021 05:24:52 GMT" time="88.656" errors="0">
  <testcase name="openapp" time="88.656" classname="com.yourorganization.maven_sample.LogicPositivizer"/>
</testsuite> <!-- com.yourorganization.maven_sample.LogicPositivizer -->
