<?xml version="1.0" encoding="UTF-8"?>
<!-- Generated by org.testng.reporters.JUnitReportReporter -->
<testsuite hostname="DESKTOP-N0BUBRI" failures="0" tests="1" name="com.yourorganization.maven_sample.ThirdUser" time="22.629" errors="0" timestamp="11 Aug 2021 08:41:41 GMT">
  <testcase classname="com.yourorganization.maven_sample.ThirdUser" name="openapp" time="22.629"/>
</testsuite> <!-- com.yourorganization.maven_sample.ThirdUser -->
