<?xml version="1.0" encoding="UTF-8"?>
<!-- Generated by org.testng.reporters.JUnitReportReporter -->
<testsuite hostname="LAPTOP-KFR5KUOM" name="com.yourorganization.maven_sample.FifthUser" tests="1" failures="0" timestamp="16 Aug 2021 08:50:40 GMT" time="91.155" errors="0">
  <testcase name="openapp" time="91.155" classname="com.yourorganization.maven_sample.FifthUser"/>
</testsuite> <!-- com.yourorganization.maven_sample.FifthUser -->
